<?xml version="1.0" encoding="UTF-8"?>
<!-- Generated by org.testng.reporters.JUnitReportReporter -->
<testsuite hostname="DESKTOP-KUIL7RU" failures="0" tests="1" name="Test.Sample_Maven_ELF26.RegisterTest" time="3.552" errors="0" timestamp="2021-12-09T17:42:06 IST" skipped="0">
  <testcase classname="Test.Sample_Maven_ELF26.RegisterTest" name="transport" time="3.552"/>
  <system-out>
    <![CDATA[URL entered is Proper
Home page Title is properly entered
actualFromStation is properly entered
actualToStation is properly entered
Date is properly entered
Navigated to next page]]>
  </system-out>
</testsuite> <!-- Test.Sample_Maven_ELF26.RegisterTest -->
