<?xml version="1.0" encoding="UTF-8"?>
<!-- Generated by org.testng.reporters.JUnitReportReporter -->
<testsuite hostname="DESKTOP-KUIL7RU" failures="0" tests="1" name="Test.Sample_Maven_ELF26.TC01Test" time="0.010" errors="0" timestamp="2021-12-09T13:19:50 IST" skipped="0">
  <testcase classname="Test.Sample_Maven_ELF26.TC01Test" name="webshop" time="0.010"/>
  <system-out/>
</testsuite> <!-- Test.Sample_Maven_ELF26.TC01Test -->
